C:\GitHub\EcommerceUnasp\FrontEnd\EcommerceUnasp\dist\out-tsc\app\components\home\home.component.js
C:\GitHub\EcommerceUnasp\FrontEnd\EcommerceUnasp\dist\out-tsc\app\components\home\home.component.js.map
C:\GitHub\EcommerceUnasp\FrontEnd\EcommerceUnasp\dist\out-tsc\app\app-routing.module.js
C:\GitHub\EcommerceUnasp\FrontEnd\EcommerceUnasp\dist\out-tsc\app\app-routing.module.js.map
C:\GitHub\EcommerceUnasp\FrontEnd\EcommerceUnasp\dist\out-tsc\app\app.component.js
C:\GitHub\EcommerceUnasp\FrontEnd\EcommerceUnasp\dist\out-tsc\app\app.component.js.map
C:\GitHub\EcommerceUnasp\FrontEnd\EcommerceUnasp\dist\out-tsc\app\components\header\header.component.js
C:\GitHub\EcommerceUnasp\FrontEnd\EcommerceUnasp\dist\out-tsc\app\components\header\header.component.js.map
C:\GitHub\EcommerceUnasp\FrontEnd\EcommerceUnasp\dist\out-tsc\app\models\produto.model.js
C:\GitHub\EcommerceUnasp\FrontEnd\EcommerceUnasp\dist\out-tsc\app\models\produto.model.js.map
C:\GitHub\EcommerceUnasp\FrontEnd\EcommerceUnasp\dist\out-tsc\app\services\produtos.service.js
C:\GitHub\EcommerceUnasp\FrontEnd\EcommerceUnasp\dist\out-tsc\app\services\produtos.service.js.map
C:\GitHub\EcommerceUnasp\FrontEnd\EcommerceUnasp\dist\out-tsc\app\components\produtos\produtos.component.js
C:\GitHub\EcommerceUnasp\FrontEnd\EcommerceUnasp\dist\out-tsc\app\components\produtos\produtos.component.js.map
C:\GitHub\EcommerceUnasp\FrontEnd\EcommerceUnasp\dist\out-tsc\app\models\cliente.model.js
C:\GitHub\EcommerceUnasp\FrontEnd\EcommerceUnasp\dist\out-tsc\app\models\cliente.model.js.map
C:\GitHub\EcommerceUnasp\FrontEnd\EcommerceUnasp\dist\out-tsc\app\services\cliente.service.js
C:\GitHub\EcommerceUnasp\FrontEnd\EcommerceUnasp\dist\out-tsc\app\services\cliente.service.js.map
C:\GitHub\EcommerceUnasp\FrontEnd\EcommerceUnasp\dist\out-tsc\app\components\cliente\cliente.component.js
C:\GitHub\EcommerceUnasp\FrontEnd\EcommerceUnasp\dist\out-tsc\app\components\cliente\cliente.component.js.map
C:\GitHub\EcommerceUnasp\FrontEnd\EcommerceUnasp\dist\out-tsc\app\app.module.js
C:\GitHub\EcommerceUnasp\FrontEnd\EcommerceUnasp\dist\out-tsc\app\app.module.js.map
C:\GitHub\EcommerceUnasp\FrontEnd\EcommerceUnasp\dist\out-tsc\environments\environment.js
C:\GitHub\EcommerceUnasp\FrontEnd\EcommerceUnasp\dist\out-tsc\environments\environment.js.map
C:\GitHub\EcommerceUnasp\FrontEnd\EcommerceUnasp\dist\out-tsc\main.js
C:\GitHub\EcommerceUnasp\FrontEnd\EcommerceUnasp\dist\out-tsc\main.js.map
C:\GitHub\EcommerceUnasp\FrontEnd\EcommerceUnasp\dist\out-tsc\polyfills.js
C:\GitHub\EcommerceUnasp\FrontEnd\EcommerceUnasp\dist\out-tsc\polyfills.js.map
C:\GitHub\EcommerceUnasp\FrontEnd\EcommerceUnasp\dist\out-tsc\test.js
C:\GitHub\EcommerceUnasp\FrontEnd\EcommerceUnasp\dist\out-tsc\test.js.map
C:\GitHub\EcommerceUnasp\FrontEnd\EcommerceUnasp\dist\out-tsc\app\app.component.spec.js
C:\GitHub\EcommerceUnasp\FrontEnd\EcommerceUnasp\dist\out-tsc\app\app.component.spec.js.map
C:\GitHub\EcommerceUnasp\FrontEnd\EcommerceUnasp\dist\out-tsc\app\components\cliente\cliente.component.spec.js
C:\GitHub\EcommerceUnasp\FrontEnd\EcommerceUnasp\dist\out-tsc\app\components\cliente\cliente.component.spec.js.map
C:\GitHub\EcommerceUnasp\FrontEnd\EcommerceUnasp\dist\out-tsc\app\components\header\header.component.spec.js
C:\GitHub\EcommerceUnasp\FrontEnd\EcommerceUnasp\dist\out-tsc\app\components\header\header.component.spec.js.map
C:\GitHub\EcommerceUnasp\FrontEnd\EcommerceUnasp\dist\out-tsc\app\components\home\home.component.spec.js
C:\GitHub\EcommerceUnasp\FrontEnd\EcommerceUnasp\dist\out-tsc\app\components\home\home.component.spec.js.map
C:\GitHub\EcommerceUnasp\FrontEnd\EcommerceUnasp\dist\out-tsc\app\components\produtos\produtos.component.spec.js
C:\GitHub\EcommerceUnasp\FrontEnd\EcommerceUnasp\dist\out-tsc\app\components\produtos\produtos.component.spec.js.map
C:\GitHub\EcommerceUnasp\FrontEnd\EcommerceUnasp\dist\out-tsc\app\models\categoria.model.js
C:\GitHub\EcommerceUnasp\FrontEnd\EcommerceUnasp\dist\out-tsc\app\models\categoria.model.js.map
C:\GitHub\EcommerceUnasp\FrontEnd\EcommerceUnasp\dist\out-tsc\app\models\endereco.model.js
C:\GitHub\EcommerceUnasp\FrontEnd\EcommerceUnasp\dist\out-tsc\app\models\endereco.model.js.map
C:\GitHub\EcommerceUnasp\FrontEnd\EcommerceUnasp\dist\out-tsc\app\models\forma-pagamento.model.js
C:\GitHub\EcommerceUnasp\FrontEnd\EcommerceUnasp\dist\out-tsc\app\models\forma-pagamento.model.js.map
C:\GitHub\EcommerceUnasp\FrontEnd\EcommerceUnasp\dist\out-tsc\app\models\itens-pedidos.model.js
C:\GitHub\EcommerceUnasp\FrontEnd\EcommerceUnasp\dist\out-tsc\app\models\itens-pedidos.model.js.map
C:\GitHub\EcommerceUnasp\FrontEnd\EcommerceUnasp\dist\out-tsc\app\models\pedido.model.js
C:\GitHub\EcommerceUnasp\FrontEnd\EcommerceUnasp\dist\out-tsc\app\models\pedido.model.js.map
C:\GitHub\EcommerceUnasp\FrontEnd\EcommerceUnasp\dist\out-tsc\app\services\cliente.service.spec.js
C:\GitHub\EcommerceUnasp\FrontEnd\EcommerceUnasp\dist\out-tsc\app\services\cliente.service.spec.js.map
C:\GitHub\EcommerceUnasp\FrontEnd\EcommerceUnasp\dist\out-tsc\app\services\produtos.service.spec.js
C:\GitHub\EcommerceUnasp\FrontEnd\EcommerceUnasp\dist\out-tsc\app\services\produtos.service.spec.js.map
C:\GitHub\EcommerceUnasp\FrontEnd\EcommerceUnasp\dist\out-tsc\environments\environment.prod.js
C:\GitHub\EcommerceUnasp\FrontEnd\EcommerceUnasp\dist\out-tsc\environments\environment.prod.js.map
