C:\Projetos\GitHub\Unasp\EcommerceUnasp\FrontEnd\EcommerceUnasp\dist\out-tsc\app\models\cliente.model.js
C:\Projetos\GitHub\Unasp\EcommerceUnasp\FrontEnd\EcommerceUnasp\dist\out-tsc\app\models\cliente.model.js.map
C:\Projetos\GitHub\Unasp\EcommerceUnasp\FrontEnd\EcommerceUnasp\dist\out-tsc\app\services\cliente.service.js
C:\Projetos\GitHub\Unasp\EcommerceUnasp\FrontEnd\EcommerceUnasp\dist\out-tsc\app\services\cliente.service.js.map
C:\Projetos\GitHub\Unasp\EcommerceUnasp\FrontEnd\EcommerceUnasp\dist\out-tsc\app\components\cliente\clientes-lista.component.js
C:\Projetos\GitHub\Unasp\EcommerceUnasp\FrontEnd\EcommerceUnasp\dist\out-tsc\app\components\cliente\clientes-lista.component.js.map
C:\Projetos\GitHub\Unasp\EcommerceUnasp\FrontEnd\EcommerceUnasp\dist\out-tsc\app\components\cliente\cliente.component.js
C:\Projetos\GitHub\Unasp\EcommerceUnasp\FrontEnd\EcommerceUnasp\dist\out-tsc\app\components\cliente\cliente.component.js.map
C:\Projetos\GitHub\Unasp\EcommerceUnasp\FrontEnd\EcommerceUnasp\dist\out-tsc\app\components\cliente\cliente-editar.component.js
C:\Projetos\GitHub\Unasp\EcommerceUnasp\FrontEnd\EcommerceUnasp\dist\out-tsc\app\components\cliente\cliente-editar.component.js.map
C:\Projetos\GitHub\Unasp\EcommerceUnasp\FrontEnd\EcommerceUnasp\dist\out-tsc\app\models\produto.model.js
C:\Projetos\GitHub\Unasp\EcommerceUnasp\FrontEnd\EcommerceUnasp\dist\out-tsc\app\models\produto.model.js.map
C:\Projetos\GitHub\Unasp\EcommerceUnasp\FrontEnd\EcommerceUnasp\dist\out-tsc\app\models\itens-pedidos.model.js
C:\Projetos\GitHub\Unasp\EcommerceUnasp\FrontEnd\EcommerceUnasp\dist\out-tsc\app\models\itens-pedidos.model.js.map
C:\Projetos\GitHub\Unasp\EcommerceUnasp\FrontEnd\EcommerceUnasp\dist\out-tsc\app\services\itens-pedido.service.js
C:\Projetos\GitHub\Unasp\EcommerceUnasp\FrontEnd\EcommerceUnasp\dist\out-tsc\app\services\itens-pedido.service.js.map
C:\Projetos\GitHub\Unasp\EcommerceUnasp\FrontEnd\EcommerceUnasp\dist\out-tsc\app\services\produtos.service.js
C:\Projetos\GitHub\Unasp\EcommerceUnasp\FrontEnd\EcommerceUnasp\dist\out-tsc\app\services\produtos.service.js.map
C:\Projetos\GitHub\Unasp\EcommerceUnasp\FrontEnd\EcommerceUnasp\dist\out-tsc\app\models\pedido.model.js
C:\Projetos\GitHub\Unasp\EcommerceUnasp\FrontEnd\EcommerceUnasp\dist\out-tsc\app\models\pedido.model.js.map
C:\Projetos\GitHub\Unasp\EcommerceUnasp\FrontEnd\EcommerceUnasp\dist\out-tsc\app\services\pedido.service.js
C:\Projetos\GitHub\Unasp\EcommerceUnasp\FrontEnd\EcommerceUnasp\dist\out-tsc\app\services\pedido.service.js.map
C:\Projetos\GitHub\Unasp\EcommerceUnasp\FrontEnd\EcommerceUnasp\dist\out-tsc\app\components\carrinho-lista\carrinho-lista.component.js
C:\Projetos\GitHub\Unasp\EcommerceUnasp\FrontEnd\EcommerceUnasp\dist\out-tsc\app\components\carrinho-lista\carrinho-lista.component.js.map
C:\Projetos\GitHub\Unasp\EcommerceUnasp\FrontEnd\EcommerceUnasp\dist\out-tsc\app\components\produtos\produtos-lista\produtos-lista.component.js
C:\Projetos\GitHub\Unasp\EcommerceUnasp\FrontEnd\EcommerceUnasp\dist\out-tsc\app\components\produtos\produtos-lista\produtos-lista.component.js.map
C:\Projetos\GitHub\Unasp\EcommerceUnasp\FrontEnd\EcommerceUnasp\dist\out-tsc\app\components\produtos\produtos.component.js
C:\Projetos\GitHub\Unasp\EcommerceUnasp\FrontEnd\EcommerceUnasp\dist\out-tsc\app\components\produtos\produtos.component.js.map
C:\Projetos\GitHub\Unasp\EcommerceUnasp\FrontEnd\EcommerceUnasp\dist\out-tsc\app\components\pedido\pedido.component.js
C:\Projetos\GitHub\Unasp\EcommerceUnasp\FrontEnd\EcommerceUnasp\dist\out-tsc\app\components\pedido\pedido.component.js.map
C:\Projetos\GitHub\Unasp\EcommerceUnasp\FrontEnd\EcommerceUnasp\dist\out-tsc\app\app-routing.module.js
C:\Projetos\GitHub\Unasp\EcommerceUnasp\FrontEnd\EcommerceUnasp\dist\out-tsc\app\app-routing.module.js.map
C:\Projetos\GitHub\Unasp\EcommerceUnasp\FrontEnd\EcommerceUnasp\dist\out-tsc\app\app.component.js
C:\Projetos\GitHub\Unasp\EcommerceUnasp\FrontEnd\EcommerceUnasp\dist\out-tsc\app\app.component.js.map
C:\Projetos\GitHub\Unasp\EcommerceUnasp\FrontEnd\EcommerceUnasp\dist\out-tsc\app\components\header\header.component.js
C:\Projetos\GitHub\Unasp\EcommerceUnasp\FrontEnd\EcommerceUnasp\dist\out-tsc\app\components\header\header.component.js.map
C:\Projetos\GitHub\Unasp\EcommerceUnasp\FrontEnd\EcommerceUnasp\dist\out-tsc\app\app.module.js
C:\Projetos\GitHub\Unasp\EcommerceUnasp\FrontEnd\EcommerceUnasp\dist\out-tsc\app\app.module.js.map
C:\Projetos\GitHub\Unasp\EcommerceUnasp\FrontEnd\EcommerceUnasp\dist\out-tsc\environments\environment.js
C:\Projetos\GitHub\Unasp\EcommerceUnasp\FrontEnd\EcommerceUnasp\dist\out-tsc\environments\environment.js.map
C:\Projetos\GitHub\Unasp\EcommerceUnasp\FrontEnd\EcommerceUnasp\dist\out-tsc\main.js
C:\Projetos\GitHub\Unasp\EcommerceUnasp\FrontEnd\EcommerceUnasp\dist\out-tsc\main.js.map
C:\Projetos\GitHub\Unasp\EcommerceUnasp\FrontEnd\EcommerceUnasp\dist\out-tsc\polyfills.js
C:\Projetos\GitHub\Unasp\EcommerceUnasp\FrontEnd\EcommerceUnasp\dist\out-tsc\polyfills.js.map
C:\Projetos\GitHub\Unasp\EcommerceUnasp\FrontEnd\EcommerceUnasp\dist\out-tsc\test.js
C:\Projetos\GitHub\Unasp\EcommerceUnasp\FrontEnd\EcommerceUnasp\dist\out-tsc\test.js.map
C:\Projetos\GitHub\Unasp\EcommerceUnasp\FrontEnd\EcommerceUnasp\dist\out-tsc\app\app.component.spec.js
C:\Projetos\GitHub\Unasp\EcommerceUnasp\FrontEnd\EcommerceUnasp\dist\out-tsc\app\app.component.spec.js.map
C:\Projetos\GitHub\Unasp\EcommerceUnasp\FrontEnd\EcommerceUnasp\dist\out-tsc\app\components\carrinho-lista\carrinho-lista.component.spec.js
C:\Projetos\GitHub\Unasp\EcommerceUnasp\FrontEnd\EcommerceUnasp\dist\out-tsc\app\components\carrinho-lista\carrinho-lista.component.spec.js.map
C:\Projetos\GitHub\Unasp\EcommerceUnasp\FrontEnd\EcommerceUnasp\dist\out-tsc\app\components\cliente\cliente.component.spec.js
C:\Projetos\GitHub\Unasp\EcommerceUnasp\FrontEnd\EcommerceUnasp\dist\out-tsc\app\components\cliente\cliente.component.spec.js.map
C:\Projetos\GitHub\Unasp\EcommerceUnasp\FrontEnd\EcommerceUnasp\dist\out-tsc\app\components\header\header.component.spec.js
C:\Projetos\GitHub\Unasp\EcommerceUnasp\FrontEnd\EcommerceUnasp\dist\out-tsc\app\components\header\header.component.spec.js.map
C:\Projetos\GitHub\Unasp\EcommerceUnasp\FrontEnd\EcommerceUnasp\dist\out-tsc\app\components\home\home.component.js
C:\Projetos\GitHub\Unasp\EcommerceUnasp\FrontEnd\EcommerceUnasp\dist\out-tsc\app\components\home\home.component.js.map
C:\Projetos\GitHub\Unasp\EcommerceUnasp\FrontEnd\EcommerceUnasp\dist\out-tsc\app\components\home\home.component.spec.js
C:\Projetos\GitHub\Unasp\EcommerceUnasp\FrontEnd\EcommerceUnasp\dist\out-tsc\app\components\home\home.component.spec.js.map
C:\Projetos\GitHub\Unasp\EcommerceUnasp\FrontEnd\EcommerceUnasp\dist\out-tsc\app\components\pedido\pedido.component.spec.js
C:\Projetos\GitHub\Unasp\EcommerceUnasp\FrontEnd\EcommerceUnasp\dist\out-tsc\app\components\pedido\pedido.component.spec.js.map
C:\Projetos\GitHub\Unasp\EcommerceUnasp\FrontEnd\EcommerceUnasp\dist\out-tsc\app\components\produtos\produtos.component.spec.js
C:\Projetos\GitHub\Unasp\EcommerceUnasp\FrontEnd\EcommerceUnasp\dist\out-tsc\app\components\produtos\produtos.component.spec.js.map
C:\Projetos\GitHub\Unasp\EcommerceUnasp\FrontEnd\EcommerceUnasp\dist\out-tsc\app\components\produtos\produtos-lista\produtos-lista.component.spec.js
C:\Projetos\GitHub\Unasp\EcommerceUnasp\FrontEnd\EcommerceUnasp\dist\out-tsc\app\components\produtos\produtos-lista\produtos-lista.component.spec.js.map
C:\Projetos\GitHub\Unasp\EcommerceUnasp\FrontEnd\EcommerceUnasp\dist\out-tsc\app\models\categoria.model.js
C:\Projetos\GitHub\Unasp\EcommerceUnasp\FrontEnd\EcommerceUnasp\dist\out-tsc\app\models\categoria.model.js.map
C:\Projetos\GitHub\Unasp\EcommerceUnasp\FrontEnd\EcommerceUnasp\dist\out-tsc\app\models\endereco.model.js
C:\Projetos\GitHub\Unasp\EcommerceUnasp\FrontEnd\EcommerceUnasp\dist\out-tsc\app\models\endereco.model.js.map
C:\Projetos\GitHub\Unasp\EcommerceUnasp\FrontEnd\EcommerceUnasp\dist\out-tsc\app\models\forma-pagamento.model.js
C:\Projetos\GitHub\Unasp\EcommerceUnasp\FrontEnd\EcommerceUnasp\dist\out-tsc\app\models\forma-pagamento.model.js.map
C:\Projetos\GitHub\Unasp\EcommerceUnasp\FrontEnd\EcommerceUnasp\dist\out-tsc\app\services\categoria.service.js
C:\Projetos\GitHub\Unasp\EcommerceUnasp\FrontEnd\EcommerceUnasp\dist\out-tsc\app\services\categoria.service.js.map
C:\Projetos\GitHub\Unasp\EcommerceUnasp\FrontEnd\EcommerceUnasp\dist\out-tsc\app\services\categoria.service.spec.js
C:\Projetos\GitHub\Unasp\EcommerceUnasp\FrontEnd\EcommerceUnasp\dist\out-tsc\app\services\categoria.service.spec.js.map
C:\Projetos\GitHub\Unasp\EcommerceUnasp\FrontEnd\EcommerceUnasp\dist\out-tsc\app\services\cliente.service.spec.js
C:\Projetos\GitHub\Unasp\EcommerceUnasp\FrontEnd\EcommerceUnasp\dist\out-tsc\app\services\cliente.service.spec.js.map
C:\Projetos\GitHub\Unasp\EcommerceUnasp\FrontEnd\EcommerceUnasp\dist\out-tsc\app\services\endereco.service.js
C:\Projetos\GitHub\Unasp\EcommerceUnasp\FrontEnd\EcommerceUnasp\dist\out-tsc\app\services\endereco.service.js.map
C:\Projetos\GitHub\Unasp\EcommerceUnasp\FrontEnd\EcommerceUnasp\dist\out-tsc\app\services\endereco.service.spec.js
C:\Projetos\GitHub\Unasp\EcommerceUnasp\FrontEnd\EcommerceUnasp\dist\out-tsc\app\services\endereco.service.spec.js.map
C:\Projetos\GitHub\Unasp\EcommerceUnasp\FrontEnd\EcommerceUnasp\dist\out-tsc\app\services\forma-pagamento.service.js
C:\Projetos\GitHub\Unasp\EcommerceUnasp\FrontEnd\EcommerceUnasp\dist\out-tsc\app\services\forma-pagamento.service.js.map
C:\Projetos\GitHub\Unasp\EcommerceUnasp\FrontEnd\EcommerceUnasp\dist\out-tsc\app\services\forma-pagamento.service.spec.js
C:\Projetos\GitHub\Unasp\EcommerceUnasp\FrontEnd\EcommerceUnasp\dist\out-tsc\app\services\forma-pagamento.service.spec.js.map
C:\Projetos\GitHub\Unasp\EcommerceUnasp\FrontEnd\EcommerceUnasp\dist\out-tsc\app\services\itens-pedido.service.spec.js
C:\Projetos\GitHub\Unasp\EcommerceUnasp\FrontEnd\EcommerceUnasp\dist\out-tsc\app\services\itens-pedido.service.spec.js.map
C:\Projetos\GitHub\Unasp\EcommerceUnasp\FrontEnd\EcommerceUnasp\dist\out-tsc\app\services\pedido.service.spec.js
C:\Projetos\GitHub\Unasp\EcommerceUnasp\FrontEnd\EcommerceUnasp\dist\out-tsc\app\services\pedido.service.spec.js.map
C:\Projetos\GitHub\Unasp\EcommerceUnasp\FrontEnd\EcommerceUnasp\dist\out-tsc\app\services\produtos.service.spec.js
C:\Projetos\GitHub\Unasp\EcommerceUnasp\FrontEnd\EcommerceUnasp\dist\out-tsc\app\services\produtos.service.spec.js.map
C:\Projetos\GitHub\Unasp\EcommerceUnasp\FrontEnd\EcommerceUnasp\dist\out-tsc\environments\environment.prod.js
C:\Projetos\GitHub\Unasp\EcommerceUnasp\FrontEnd\EcommerceUnasp\dist\out-tsc\environments\environment.prod.js.map
